
 NSphDiff:  One-dimensional diffusion laminar flame code
          Version 1.0, Nov 2019
          DOUBLE PRECISION

  CKLIB:  Chemical Kinetics Library
          CHEMKIN-II Version 4.10, April 1994
          DOUBLE PRECISION

 TRANLIB:  Multicomponent transport library,
           CHEMKIN-II Version 3.1, March 1994
           DOUBLE PRECISION

                WORKING SPACE REQUIREMENTS
                 PROVIDED        REQUIRED 
 LOGICAL             4500           1001
 INTEGER          7000000          12435
 REAL           200000000        4668775
 CHARACTER           4000            120


           KEYWORD INPUT 

          /*************************                                                      
          /* NSPHEREDIFF INPUT FILE *                                                     
          /*************************                                                      
          /Begining of header                                                             
          /******************                                                             
          /                                                                               
          /  Chemistry:H2-O2                                                              
          /  Fuel: H2                                                                     
          /REAC  H2    .05                                                                
          /REAC  O2   0.95                                                                
          /                                                                               
          /End of Header                                                                  
          /*************                                                                  
          /                                                                               
          /BURN         ! Solve temp and species profile, default: solve flame speed      
          ZCAL                                                                            
          /LHOM                                                                           
          NTOT 1000      ! maximum number of grids we can use (use with adaptivegrid)     
          NPTS 400      ! Starting Number of grid                                         
          XSTR  0.32                                                                      
          XEND  5.0                                                                       
          / Set mixture fraction 	                                                        
          ZMIX 0.320 0.8                                                                  
          ZMIX 0.350 0.0                                                                  
          ZMIX 5.00 0.0                                                                   
          /                                                                               
          /                                                                               
          DMIX 0.3200 0.17628                                                             
          DMIX 0.3517 0.22813                                                             
          DMIX 0.4026 0.40673                                                             
          DMIX 0.4539 0.70088                                                             
          DMIX 0.5053 1.0686                                                              
          DMIX 0.5441 1.3749                                                              
          DMIX 0.5829 1.7028                                                              
          DMIX 0.6218 2.0396                                                              
          DMIX 0.6608 2.3781                                                              
          DMIX 0.6999 2.7081                                                              
          DMIX 0.7401 2.976                                                               
          DMIX 0.7501 3.0112                                                              
          DMIX 0.7661 3.0432                                                              
          DMIX 0.7811 3.0584                                                              
          DMIX 0.7941 3.0636                                                              
          DMIX 0.8091 3.0613                                                              
          DMIX 0.8171 3.0567                                                              
          DMIX 0.8271 3.0479                                                              
          DMIX 0.8371 3.0361                                                              
          DMIX 0.8481 3.0201                                                              
          DMIX 0.8621 2.9957                                                              
          DMIX 0.8731 2.9739                                                              
          DMIX 0.8837 2.9512                                                              
          DMIX 0.8969 2.9206                                                              
          DMIX 0.9188 2.8661                                                              
          DMIX 0.9222 2.8573                                                              
          DMIX 0.9511 2.7795                                                              
          DMIX 1.0064 2.6236                                                              
          DMIX 1.0492 2.5007                                                              
          DMIX 1.0805 2.4116                                                              
          DMIX 1.1166 2.3095                                                              
          DMIX 1.1738 2.1509                                                              
          DMIX 1.2247 2.0132                                                              
          DMIX 1.2836 1.8578                                                              
          DMIX 1.3518 1.6829                                                              
          DMIX 1.4307 1.4868                                                              
          DMIX 1.5908 1.109                                                               
          DMIX 1.6278 1.0253                                                              
          DMIX 1.6666 0.93742                                                             
          DMIX 1.7074 0.84578                                                             
          DMIX 1.7502 0.75027                                                             
          DMIX 1.7951 0.64935                                                             
          DMIX 1.8424 0.54292                                                             
          DMIX 1.8919 0.42986                                                             
          DMIX 1.944 0.30972                                                              
          DMIX 1.9986 0.18222                                                             
          DMIX 2.056 0.17879                                                              
          DMIX 5.0 0.17878                                                                
          / Flame Specificationsi                                                         
          ZST 0.69                                                                        
          / Number of time step to perform. a negative value is used for transient computa
          DIRC 1               ! 0= Direct method 1 = Krylov method in cvcm reactor calc  
          TIME 10   1.000E-7    ! Desired Timestep size                                   
          / MIN AND MAX TIME STEP, MAXIMUM TIME (SHUT DOWN WHEN REACHED)                  
          MXTM 1.0E-3           ! MAXIMUM TIME - STOP SIMULATION AT 3,000,000 Seconds     
          /                                                                               
          / Tolerances for the Newton iteration                                           
          ATOL 1.0E-10           ! Absolute tolerance                                     
          RTOL 1.0E-6           ! Relative tolerance                                      
          END                                                                             
  CAUTION...REACTANT FRACTIONS SUM TO   0.000000000000000E+000
DASPK OUTPUT
 Tolerance parameters.. RTOL =  0.10E-05  ATOL =  0.10E-09
 Internal I.C. calculation flag INFO(11) = 0   (0 = off, 1 = on)
 Linear Solver Method Flag =  1   ( Direct Method - 0  Krylov Method - 1)
 DASPK--  AT T (=R1) AND STEPSIZE H (=R2) THE                                    
      In above,  R1 =  0.0000000000000D+00   R2 =  0.2273736754432D-22
 DASPK--  ERROR TEST FAILED REPEATEDLY OR WITH ABS(H)=HMIN                       
At time t =      0.00000E+00
 

 Final statistics for this run..
   RWORK size =12959   IWORK size =1040
   Number of time steps ................ =    0
   Number of residual evaluations ...... =  126
   Number of preconditioner evaluations  =   21
   Number of preconditioner solves ..... =   63
   Number of nonlinear iterations ...... =   42
   Number of linear iterations ......... =   21
   Average Krylov subspace dimension =  0.5000
    0 nonlinear conv. failures,    0 linear conv. failures

 
X Zmix
     3.200E-01     8.000E-01
     3.317E-01     4.872E-01
     3.435E-01     1.744E-01
     3.552E-01     0.000E+00
     3.669E-01     0.000E+00
     3.786E-01     0.000E+00
     3.904E-01     0.000E+00
     4.021E-01     0.000E+00
     4.138E-01     0.000E+00
     4.256E-01     0.000E+00
     4.373E-01     0.000E+00
     4.490E-01     0.000E+00
     4.608E-01     0.000E+00
     4.725E-01     0.000E+00
     4.842E-01     0.000E+00
     4.959E-01     0.000E+00
     5.077E-01     0.000E+00
     5.194E-01     0.000E+00
     5.311E-01     0.000E+00
     5.429E-01     0.000E+00
     5.546E-01     0.000E+00
     5.663E-01     0.000E+00
     5.780E-01     0.000E+00
     5.898E-01     0.000E+00
     6.015E-01     0.000E+00
     6.132E-01     0.000E+00
     6.250E-01     0.000E+00
     6.367E-01     0.000E+00
     6.484E-01     0.000E+00
     6.602E-01     0.000E+00
     6.719E-01     0.000E+00
     6.836E-01     0.000E+00
     6.953E-01     0.000E+00
     7.071E-01     0.000E+00
     7.188E-01     0.000E+00
     7.305E-01     0.000E+00
     7.423E-01     0.000E+00
     7.540E-01     0.000E+00
     7.657E-01     0.000E+00
     7.774E-01     0.000E+00
     7.892E-01     0.000E+00
     8.009E-01     0.000E+00
     8.126E-01     0.000E+00
     8.244E-01     0.000E+00
     8.361E-01     0.000E+00
     8.478E-01     0.000E+00
     8.595E-01     0.000E+00
     8.713E-01     0.000E+00
     8.830E-01     0.000E+00
     8.947E-01     0.000E+00
     9.065E-01     0.000E+00
     9.182E-01     0.000E+00
     9.299E-01     0.000E+00
     9.417E-01     0.000E+00
     9.534E-01     0.000E+00
     9.651E-01     0.000E+00
     9.768E-01     0.000E+00
     9.886E-01     0.000E+00
     1.000E+00     0.000E+00
     1.012E+00     0.000E+00
     1.024E+00     0.000E+00
     1.035E+00     0.000E+00
     1.047E+00     0.000E+00
     1.059E+00     0.000E+00
     1.071E+00     0.000E+00
     1.082E+00     0.000E+00
     1.094E+00     0.000E+00
     1.106E+00     0.000E+00
     1.118E+00     0.000E+00
     1.129E+00     0.000E+00
     1.141E+00     0.000E+00
     1.153E+00     0.000E+00
     1.165E+00     0.000E+00
     1.176E+00     0.000E+00
     1.188E+00     0.000E+00
     1.200E+00     0.000E+00
     1.211E+00     0.000E+00
     1.223E+00     0.000E+00
     1.235E+00     0.000E+00
     1.247E+00     0.000E+00
     1.258E+00     0.000E+00
     1.270E+00     0.000E+00
     1.282E+00     0.000E+00
     1.294E+00     0.000E+00
     1.305E+00     0.000E+00
     1.317E+00     0.000E+00
     1.329E+00     0.000E+00
     1.340E+00     0.000E+00
     1.352E+00     0.000E+00
     1.364E+00     0.000E+00
     1.376E+00     0.000E+00
     1.387E+00     0.000E+00
     1.399E+00     0.000E+00
     1.411E+00     0.000E+00
     1.423E+00     0.000E+00
     1.434E+00     0.000E+00
     1.446E+00     0.000E+00
     1.458E+00     0.000E+00
     1.469E+00     0.000E+00
     1.481E+00     0.000E+00
     1.493E+00     0.000E+00
     1.505E+00     0.000E+00
     1.516E+00     0.000E+00
     1.528E+00     0.000E+00
     1.540E+00     0.000E+00
     1.552E+00     0.000E+00
     1.563E+00     0.000E+00
     1.575E+00     0.000E+00
     1.587E+00     0.000E+00
     1.598E+00     0.000E+00
     1.610E+00     0.000E+00
     1.622E+00     0.000E+00
     1.634E+00     0.000E+00
     1.645E+00     0.000E+00
     1.657E+00     0.000E+00
     1.669E+00     0.000E+00
     1.681E+00     0.000E+00
     1.692E+00     0.000E+00
     1.704E+00     0.000E+00
     1.716E+00     0.000E+00
     1.728E+00     0.000E+00
     1.739E+00     0.000E+00
     1.751E+00     0.000E+00
     1.763E+00     0.000E+00
     1.774E+00     0.000E+00
     1.786E+00     0.000E+00
     1.798E+00     0.000E+00
     1.810E+00     0.000E+00
     1.821E+00     0.000E+00
     1.833E+00     0.000E+00
     1.845E+00     0.000E+00
     1.857E+00     0.000E+00
     1.868E+00     0.000E+00
     1.880E+00     0.000E+00
     1.892E+00     0.000E+00
     1.903E+00     0.000E+00
     1.915E+00     0.000E+00
     1.927E+00     0.000E+00
     1.939E+00     0.000E+00
     1.950E+00     0.000E+00
     1.962E+00     0.000E+00
     1.974E+00     0.000E+00
     1.986E+00     0.000E+00
     1.997E+00     0.000E+00
     2.009E+00     0.000E+00
     2.021E+00     0.000E+00
     2.032E+00     0.000E+00
     2.044E+00     0.000E+00
     2.056E+00     0.000E+00
     2.068E+00     0.000E+00
     2.079E+00     0.000E+00
     2.091E+00     0.000E+00
     2.103E+00     0.000E+00
     2.115E+00     0.000E+00
     2.126E+00     0.000E+00
     2.138E+00     0.000E+00
     2.150E+00     0.000E+00
     2.162E+00     0.000E+00
     2.173E+00     0.000E+00
     2.185E+00     0.000E+00
     2.197E+00     0.000E+00
     2.208E+00     0.000E+00
     2.220E+00     0.000E+00
     2.232E+00     0.000E+00
     2.244E+00     0.000E+00
     2.255E+00     0.000E+00
     2.267E+00     0.000E+00
     2.279E+00     0.000E+00
     2.291E+00     0.000E+00
     2.302E+00     0.000E+00
     2.314E+00     0.000E+00
     2.326E+00     0.000E+00
     2.337E+00     0.000E+00
     2.349E+00     0.000E+00
     2.361E+00     0.000E+00
     2.373E+00     0.000E+00
     2.384E+00     0.000E+00
     2.396E+00     0.000E+00
     2.408E+00     0.000E+00
     2.420E+00     0.000E+00
     2.431E+00     0.000E+00
     2.443E+00     0.000E+00
     2.455E+00     0.000E+00
     2.466E+00     0.000E+00
     2.478E+00     0.000E+00
     2.490E+00     0.000E+00
     2.502E+00     0.000E+00
     2.513E+00     0.000E+00
     2.525E+00     0.000E+00
     2.537E+00     0.000E+00
     2.549E+00     0.000E+00
     2.560E+00     0.000E+00
     2.572E+00     0.000E+00
     2.584E+00     0.000E+00
     2.595E+00     0.000E+00
     2.607E+00     0.000E+00
     2.619E+00     0.000E+00
     2.631E+00     0.000E+00
     2.642E+00     0.000E+00
     2.654E+00     0.000E+00
     2.666E+00     0.000E+00
     2.678E+00     0.000E+00
     2.689E+00     0.000E+00
     2.701E+00     0.000E+00
     2.713E+00     0.000E+00
     2.725E+00     0.000E+00
     2.736E+00     0.000E+00
     2.748E+00     0.000E+00
     2.760E+00     0.000E+00
     2.771E+00     0.000E+00
     2.783E+00     0.000E+00
     2.795E+00     0.000E+00
     2.807E+00     0.000E+00
     2.818E+00     0.000E+00
     2.830E+00     0.000E+00
     2.842E+00     0.000E+00
     2.854E+00     0.000E+00
     2.865E+00     0.000E+00
     2.877E+00     0.000E+00
     2.889E+00     0.000E+00
     2.900E+00     0.000E+00
     2.912E+00     0.000E+00
     2.924E+00     0.000E+00
     2.936E+00     0.000E+00
     2.947E+00     0.000E+00
     2.959E+00     0.000E+00
     2.971E+00     0.000E+00
     2.983E+00     0.000E+00
     2.994E+00     0.000E+00
     3.006E+00     0.000E+00
     3.018E+00     0.000E+00
     3.029E+00     0.000E+00
     3.041E+00     0.000E+00
     3.053E+00     0.000E+00
     3.065E+00     0.000E+00
     3.076E+00     0.000E+00
     3.088E+00     0.000E+00
     3.100E+00     0.000E+00
     3.112E+00     0.000E+00
     3.123E+00     0.000E+00
     3.135E+00     0.000E+00
     3.147E+00     0.000E+00
     3.158E+00     0.000E+00
     3.170E+00     0.000E+00
     3.182E+00     0.000E+00
     3.194E+00     0.000E+00
     3.205E+00     0.000E+00
     3.217E+00     0.000E+00
     3.229E+00     0.000E+00
     3.241E+00     0.000E+00
     3.252E+00     0.000E+00
     3.264E+00     0.000E+00
     3.276E+00     0.000E+00
     3.288E+00     0.000E+00
     3.299E+00     0.000E+00
     3.311E+00     0.000E+00
     3.323E+00     0.000E+00
     3.334E+00     0.000E+00
     3.346E+00     0.000E+00
     3.358E+00     0.000E+00
     3.370E+00     0.000E+00
     3.381E+00     0.000E+00
     3.393E+00     0.000E+00
     3.405E+00     0.000E+00
     3.417E+00     0.000E+00
     3.428E+00     0.000E+00
     3.440E+00     0.000E+00
     3.452E+00     0.000E+00
     3.463E+00     0.000E+00
     3.475E+00     0.000E+00
     3.487E+00     0.000E+00
     3.499E+00     0.000E+00
     3.510E+00     0.000E+00
     3.522E+00     0.000E+00
     3.534E+00     0.000E+00
     3.546E+00     0.000E+00
     3.557E+00     0.000E+00
     3.569E+00     0.000E+00
     3.581E+00     0.000E+00
     3.592E+00     0.000E+00
     3.604E+00     0.000E+00
     3.616E+00     0.000E+00
     3.628E+00     0.000E+00
     3.639E+00     0.000E+00
     3.651E+00     0.000E+00
     3.663E+00     0.000E+00
     3.675E+00     0.000E+00
     3.686E+00     0.000E+00
     3.698E+00     0.000E+00
     3.710E+00     0.000E+00
     3.722E+00     0.000E+00
     3.733E+00     0.000E+00
     3.745E+00     0.000E+00
     3.757E+00     0.000E+00
     3.768E+00     0.000E+00
     3.780E+00     0.000E+00
     3.792E+00     0.000E+00
     3.804E+00     0.000E+00
     3.815E+00     0.000E+00
     3.827E+00     0.000E+00
     3.839E+00     0.000E+00
     3.851E+00     0.000E+00
     3.862E+00     0.000E+00
     3.874E+00     0.000E+00
     3.886E+00     0.000E+00
     3.897E+00     0.000E+00
     3.909E+00     0.000E+00
     3.921E+00     0.000E+00
     3.933E+00     0.000E+00
     3.944E+00     0.000E+00
     3.956E+00     0.000E+00
     3.968E+00     0.000E+00
     3.980E+00     0.000E+00
     3.991E+00     0.000E+00
     4.003E+00     0.000E+00
     4.015E+00     0.000E+00
     4.026E+00     0.000E+00
     4.038E+00     0.000E+00
     4.050E+00     0.000E+00
     4.062E+00     0.000E+00
     4.073E+00     0.000E+00
     4.085E+00     0.000E+00
     4.097E+00     0.000E+00
     4.109E+00     0.000E+00
     4.120E+00     0.000E+00
     4.132E+00     0.000E+00
     4.144E+00     0.000E+00
     4.155E+00     0.000E+00
     4.167E+00     0.000E+00
     4.179E+00     0.000E+00
     4.191E+00     0.000E+00
     4.202E+00     0.000E+00
     4.214E+00     0.000E+00
     4.226E+00     0.000E+00
     4.238E+00     0.000E+00
     4.249E+00     0.000E+00
     4.261E+00     0.000E+00
     4.273E+00     0.000E+00
     4.285E+00     0.000E+00
     4.296E+00     0.000E+00
     4.308E+00     0.000E+00
     4.320E+00     0.000E+00
     4.331E+00     0.000E+00
     4.343E+00     0.000E+00
     4.355E+00     0.000E+00
     4.367E+00     0.000E+00
     4.378E+00     0.000E+00
     4.390E+00     0.000E+00
     4.402E+00     0.000E+00
     4.414E+00     0.000E+00
     4.425E+00     0.000E+00
     4.437E+00     0.000E+00
     4.449E+00     0.000E+00
     4.460E+00     0.000E+00
     4.472E+00     0.000E+00
     4.484E+00     0.000E+00
     4.496E+00     0.000E+00
     4.507E+00     0.000E+00
     4.519E+00     0.000E+00
     4.531E+00     0.000E+00
     4.543E+00     0.000E+00
     4.554E+00     0.000E+00
     4.566E+00     0.000E+00
     4.578E+00     0.000E+00
     4.589E+00     0.000E+00
     4.601E+00     0.000E+00
     4.613E+00     0.000E+00
     4.625E+00     0.000E+00
     4.636E+00     0.000E+00
     4.648E+00     0.000E+00
     4.660E+00     0.000E+00
     4.672E+00     0.000E+00
     4.683E+00     0.000E+00
     4.695E+00     0.000E+00
     4.707E+00     0.000E+00
     4.718E+00     0.000E+00
     4.730E+00     0.000E+00
     4.742E+00     0.000E+00
     4.754E+00     0.000E+00
     4.765E+00     0.000E+00
     4.777E+00     0.000E+00
     4.789E+00     0.000E+00
     4.801E+00     0.000E+00
     4.812E+00     0.000E+00
     4.824E+00     0.000E+00
     4.836E+00     0.000E+00
     4.848E+00     0.000E+00
     4.859E+00     0.000E+00
     4.871E+00     0.000E+00
     4.883E+00     0.000E+00
     4.894E+00     0.000E+00
     4.906E+00     0.000E+00
     4.918E+00     0.000E+00
     4.930E+00     0.000E+00
     4.941E+00     0.000E+00
     4.953E+00     0.000E+00
     4.965E+00     0.000E+00
     4.977E+00     0.000E+00
     4.988E+00     0.000E+00
     5.000E+00     0.000E+00
          -6

///////////////////////////////////////////////// 
DDASPK TIME STEP INTEGRATION COMPLETE 
///////////////////////////////////////////////// 


 error condition has been reached
At time t =      0.00000E+00
 

 Final statistics for this run..
   RWORK size =12959   IWORK size =1040
   Number of time steps ................ =    0
   Number of residual evaluations ...... =  126
   Number of preconditioner evaluations  =   21
   Number of preconditioner solves ..... =   63
   Number of nonlinear iterations ...... =   42
   Number of linear iterations ......... =   21
   Average Krylov subspace dimension =  0.5000
    0 nonlinear conv. failures,    0 linear conv. failures

 
X Zmix
     3.200E-01     8.000E-01
     3.317E-01     4.872E-01
     3.435E-01     1.744E-01
     3.552E-01     0.000E+00
     3.669E-01     0.000E+00
     3.786E-01     0.000E+00
     3.904E-01     0.000E+00
     4.021E-01     0.000E+00
     4.138E-01     0.000E+00
     4.256E-01     0.000E+00
     4.373E-01     0.000E+00
     4.490E-01     0.000E+00
     4.608E-01     0.000E+00
     4.725E-01     0.000E+00
     4.842E-01     0.000E+00
     4.959E-01     0.000E+00
     5.077E-01     0.000E+00
     5.194E-01     0.000E+00
     5.311E-01     0.000E+00
     5.429E-01     0.000E+00
     5.546E-01     0.000E+00
     5.663E-01     0.000E+00
     5.780E-01     0.000E+00
     5.898E-01     0.000E+00
     6.015E-01     0.000E+00
     6.132E-01     0.000E+00
     6.250E-01     0.000E+00
     6.367E-01     0.000E+00
     6.484E-01     0.000E+00
     6.602E-01     0.000E+00
     6.719E-01     0.000E+00
     6.836E-01     0.000E+00
     6.953E-01     0.000E+00
     7.071E-01     0.000E+00
     7.188E-01     0.000E+00
     7.305E-01     0.000E+00
     7.423E-01     0.000E+00
     7.540E-01     0.000E+00
     7.657E-01     0.000E+00
     7.774E-01     0.000E+00
     7.892E-01     0.000E+00
     8.009E-01     0.000E+00
     8.126E-01     0.000E+00
     8.244E-01     0.000E+00
     8.361E-01     0.000E+00
     8.478E-01     0.000E+00
     8.595E-01     0.000E+00
     8.713E-01     0.000E+00
     8.830E-01     0.000E+00
     8.947E-01     0.000E+00
     9.065E-01     0.000E+00
     9.182E-01     0.000E+00
     9.299E-01     0.000E+00
     9.417E-01     0.000E+00
     9.534E-01     0.000E+00
     9.651E-01     0.000E+00
     9.768E-01     0.000E+00
     9.886E-01     0.000E+00
     1.000E+00     0.000E+00
     1.012E+00     0.000E+00
     1.024E+00     0.000E+00
     1.035E+00     0.000E+00
     1.047E+00     0.000E+00
     1.059E+00     0.000E+00
     1.071E+00     0.000E+00
     1.082E+00     0.000E+00
     1.094E+00     0.000E+00
     1.106E+00     0.000E+00
     1.118E+00     0.000E+00
     1.129E+00     0.000E+00
     1.141E+00     0.000E+00
     1.153E+00     0.000E+00
     1.165E+00     0.000E+00
     1.176E+00     0.000E+00
     1.188E+00     0.000E+00
     1.200E+00     0.000E+00
     1.211E+00     0.000E+00
     1.223E+00     0.000E+00
     1.235E+00     0.000E+00
     1.247E+00     0.000E+00
     1.258E+00     0.000E+00
     1.270E+00     0.000E+00
     1.282E+00     0.000E+00
     1.294E+00     0.000E+00
     1.305E+00     0.000E+00
     1.317E+00     0.000E+00
     1.329E+00     0.000E+00
     1.340E+00     0.000E+00
     1.352E+00     0.000E+00
     1.364E+00     0.000E+00
     1.376E+00     0.000E+00
     1.387E+00     0.000E+00
     1.399E+00     0.000E+00
     1.411E+00     0.000E+00
     1.423E+00     0.000E+00
     1.434E+00     0.000E+00
     1.446E+00     0.000E+00
     1.458E+00     0.000E+00
     1.469E+00     0.000E+00
     1.481E+00     0.000E+00
     1.493E+00     0.000E+00
     1.505E+00     0.000E+00
     1.516E+00     0.000E+00
     1.528E+00     0.000E+00
     1.540E+00     0.000E+00
     1.552E+00     0.000E+00
     1.563E+00     0.000E+00
     1.575E+00     0.000E+00
     1.587E+00     0.000E+00
     1.598E+00     0.000E+00
     1.610E+00     0.000E+00
     1.622E+00     0.000E+00
     1.634E+00     0.000E+00
     1.645E+00     0.000E+00
     1.657E+00     0.000E+00
     1.669E+00     0.000E+00
     1.681E+00     0.000E+00
     1.692E+00     0.000E+00
     1.704E+00     0.000E+00
     1.716E+00     0.000E+00
     1.728E+00     0.000E+00
     1.739E+00     0.000E+00
     1.751E+00     0.000E+00
     1.763E+00     0.000E+00
     1.774E+00     0.000E+00
     1.786E+00     0.000E+00
     1.798E+00     0.000E+00
     1.810E+00     0.000E+00
     1.821E+00     0.000E+00
     1.833E+00     0.000E+00
     1.845E+00     0.000E+00
     1.857E+00     0.000E+00
     1.868E+00     0.000E+00
     1.880E+00     0.000E+00
     1.892E+00     0.000E+00
     1.903E+00     0.000E+00
     1.915E+00     0.000E+00
     1.927E+00     0.000E+00
     1.939E+00     0.000E+00
     1.950E+00     0.000E+00
     1.962E+00     0.000E+00
     1.974E+00     0.000E+00
     1.986E+00     0.000E+00
     1.997E+00     0.000E+00
     2.009E+00     0.000E+00
     2.021E+00     0.000E+00
     2.032E+00     0.000E+00
     2.044E+00     0.000E+00
     2.056E+00     0.000E+00
     2.068E+00     0.000E+00
     2.079E+00     0.000E+00
     2.091E+00     0.000E+00
     2.103E+00     0.000E+00
     2.115E+00     0.000E+00
     2.126E+00     0.000E+00
     2.138E+00     0.000E+00
     2.150E+00     0.000E+00
     2.162E+00     0.000E+00
     2.173E+00     0.000E+00
     2.185E+00     0.000E+00
     2.197E+00     0.000E+00
     2.208E+00     0.000E+00
     2.220E+00     0.000E+00
     2.232E+00     0.000E+00
     2.244E+00     0.000E+00
     2.255E+00     0.000E+00
     2.267E+00     0.000E+00
     2.279E+00     0.000E+00
     2.291E+00     0.000E+00
     2.302E+00     0.000E+00
     2.314E+00     0.000E+00
     2.326E+00     0.000E+00
     2.337E+00     0.000E+00
     2.349E+00     0.000E+00
     2.361E+00     0.000E+00
     2.373E+00     0.000E+00
     2.384E+00     0.000E+00
     2.396E+00     0.000E+00
     2.408E+00     0.000E+00
     2.420E+00     0.000E+00
     2.431E+00     0.000E+00
     2.443E+00     0.000E+00
     2.455E+00     0.000E+00
     2.466E+00     0.000E+00
     2.478E+00     0.000E+00
     2.490E+00     0.000E+00
     2.502E+00     0.000E+00
     2.513E+00     0.000E+00
     2.525E+00     0.000E+00
     2.537E+00     0.000E+00
     2.549E+00     0.000E+00
     2.560E+00     0.000E+00
     2.572E+00     0.000E+00
     2.584E+00     0.000E+00
     2.595E+00     0.000E+00
     2.607E+00     0.000E+00
     2.619E+00     0.000E+00
     2.631E+00     0.000E+00
     2.642E+00     0.000E+00
     2.654E+00     0.000E+00
     2.666E+00     0.000E+00
     2.678E+00     0.000E+00
     2.689E+00     0.000E+00
     2.701E+00     0.000E+00
     2.713E+00     0.000E+00
     2.725E+00     0.000E+00
     2.736E+00     0.000E+00
     2.748E+00     0.000E+00
     2.760E+00     0.000E+00
     2.771E+00     0.000E+00
     2.783E+00     0.000E+00
     2.795E+00     0.000E+00
     2.807E+00     0.000E+00
     2.818E+00     0.000E+00
     2.830E+00     0.000E+00
     2.842E+00     0.000E+00
     2.854E+00     0.000E+00
     2.865E+00     0.000E+00
     2.877E+00     0.000E+00
     2.889E+00     0.000E+00
     2.900E+00     0.000E+00
     2.912E+00     0.000E+00
     2.924E+00     0.000E+00
     2.936E+00     0.000E+00
     2.947E+00     0.000E+00
     2.959E+00     0.000E+00
     2.971E+00     0.000E+00
     2.983E+00     0.000E+00
     2.994E+00     0.000E+00
     3.006E+00     0.000E+00
     3.018E+00     0.000E+00
     3.029E+00     0.000E+00
     3.041E+00     0.000E+00
     3.053E+00     0.000E+00
     3.065E+00     0.000E+00
     3.076E+00     0.000E+00
     3.088E+00     0.000E+00
     3.100E+00     0.000E+00
     3.112E+00     0.000E+00
     3.123E+00     0.000E+00
     3.135E+00     0.000E+00
     3.147E+00     0.000E+00
     3.158E+00     0.000E+00
     3.170E+00     0.000E+00
     3.182E+00     0.000E+00
     3.194E+00     0.000E+00
     3.205E+00     0.000E+00
     3.217E+00     0.000E+00
     3.229E+00     0.000E+00
     3.241E+00     0.000E+00
     3.252E+00     0.000E+00
     3.264E+00     0.000E+00
     3.276E+00     0.000E+00
     3.288E+00     0.000E+00
     3.299E+00     0.000E+00
     3.311E+00     0.000E+00
     3.323E+00     0.000E+00
     3.334E+00     0.000E+00
     3.346E+00     0.000E+00
     3.358E+00     0.000E+00
     3.370E+00     0.000E+00
     3.381E+00     0.000E+00
     3.393E+00     0.000E+00
     3.405E+00     0.000E+00
     3.417E+00     0.000E+00
     3.428E+00     0.000E+00
     3.440E+00     0.000E+00
     3.452E+00     0.000E+00
     3.463E+00     0.000E+00
     3.475E+00     0.000E+00
     3.487E+00     0.000E+00
     3.499E+00     0.000E+00
     3.510E+00     0.000E+00
     3.522E+00     0.000E+00
     3.534E+00     0.000E+00
     3.546E+00     0.000E+00
     3.557E+00     0.000E+00
     3.569E+00     0.000E+00
     3.581E+00     0.000E+00
     3.592E+00     0.000E+00
     3.604E+00     0.000E+00
     3.616E+00     0.000E+00
     3.628E+00     0.000E+00
     3.639E+00     0.000E+00
     3.651E+00     0.000E+00
     3.663E+00     0.000E+00
     3.675E+00     0.000E+00
     3.686E+00     0.000E+00
     3.698E+00     0.000E+00
     3.710E+00     0.000E+00
     3.722E+00     0.000E+00
     3.733E+00     0.000E+00
     3.745E+00     0.000E+00
     3.757E+00     0.000E+00
     3.768E+00     0.000E+00
     3.780E+00     0.000E+00
     3.792E+00     0.000E+00
     3.804E+00     0.000E+00
     3.815E+00     0.000E+00
     3.827E+00     0.000E+00
     3.839E+00     0.000E+00
     3.851E+00     0.000E+00
     3.862E+00     0.000E+00
     3.874E+00     0.000E+00
     3.886E+00     0.000E+00
     3.897E+00     0.000E+00
     3.909E+00     0.000E+00
     3.921E+00     0.000E+00
     3.933E+00     0.000E+00
     3.944E+00     0.000E+00
     3.956E+00     0.000E+00
     3.968E+00     0.000E+00
     3.980E+00     0.000E+00
     3.991E+00     0.000E+00
     4.003E+00     0.000E+00
     4.015E+00     0.000E+00
     4.026E+00     0.000E+00
     4.038E+00     0.000E+00
     4.050E+00     0.000E+00
     4.062E+00     0.000E+00
     4.073E+00     0.000E+00
     4.085E+00     0.000E+00
     4.097E+00     0.000E+00
     4.109E+00     0.000E+00
     4.120E+00     0.000E+00
     4.132E+00     0.000E+00
     4.144E+00     0.000E+00
     4.155E+00     0.000E+00
     4.167E+00     0.000E+00
     4.179E+00     0.000E+00
     4.191E+00     0.000E+00
     4.202E+00     0.000E+00
     4.214E+00     0.000E+00
     4.226E+00     0.000E+00
     4.238E+00     0.000E+00
     4.249E+00     0.000E+00
     4.261E+00     0.000E+00
     4.273E+00     0.000E+00
     4.285E+00     0.000E+00
     4.296E+00     0.000E+00
     4.308E+00     0.000E+00
     4.320E+00     0.000E+00
     4.331E+00     0.000E+00
     4.343E+00     0.000E+00
     4.355E+00     0.000E+00
     4.367E+00     0.000E+00
     4.378E+00     0.000E+00
     4.390E+00     0.000E+00
     4.402E+00     0.000E+00
     4.414E+00     0.000E+00
     4.425E+00     0.000E+00
     4.437E+00     0.000E+00
     4.449E+00     0.000E+00
     4.460E+00     0.000E+00
     4.472E+00     0.000E+00
     4.484E+00     0.000E+00
     4.496E+00     0.000E+00
     4.507E+00     0.000E+00
     4.519E+00     0.000E+00
     4.531E+00     0.000E+00
     4.543E+00     0.000E+00
     4.554E+00     0.000E+00
     4.566E+00     0.000E+00
     4.578E+00     0.000E+00
     4.589E+00     0.000E+00
     4.601E+00     0.000E+00
     4.613E+00     0.000E+00
     4.625E+00     0.000E+00
     4.636E+00     0.000E+00
     4.648E+00     0.000E+00
     4.660E+00     0.000E+00
     4.672E+00     0.000E+00
     4.683E+00     0.000E+00
     4.695E+00     0.000E+00
     4.707E+00     0.000E+00
     4.718E+00     0.000E+00
     4.730E+00     0.000E+00
     4.742E+00     0.000E+00
     4.754E+00     0.000E+00
     4.765E+00     0.000E+00
     4.777E+00     0.000E+00
     4.789E+00     0.000E+00
     4.801E+00     0.000E+00
     4.812E+00     0.000E+00
     4.824E+00     0.000E+00
     4.836E+00     0.000E+00
     4.848E+00     0.000E+00
     4.859E+00     0.000E+00
     4.871E+00     0.000E+00
     4.883E+00     0.000E+00
     4.894E+00     0.000E+00
     4.906E+00     0.000E+00
     4.918E+00     0.000E+00
     4.930E+00     0.000E+00
     4.941E+00     0.000E+00
     4.953E+00     0.000E+00
     4.965E+00     0.000E+00
     4.977E+00     0.000E+00
     4.988E+00     0.000E+00
     5.000E+00     0.000E+00
          -6

///////////////////////////////////////////////// 
DDASPK TIME STEP INTEGRATION COMPLETE 
///////////////////////////////////////////////// 


ERROR CONDITION (IDID) =   -6
